<?xml version="1.0" encoding="UTF-8"?>
<!-- Generated by org.testng.reporters.JUnitReportReporter -->
<testsuite name="org.pom.base.LoginPageTest" tests="2" time="13.839" ignored="0" failures="0" timestamp="22 Jul 2018 11:39:12 GMT" skipped="0" hostname="LAPTOP-FCKSJAP5" errors="0">
  <testcase name="validateLogin" time="6.158" classname="org.pom.base.LoginPageTest"/>
  <testcase name="dependentTest" time="7.681" classname="org.pom.base.LoginPageTest"/>
</testsuite> <!-- org.pom.base.LoginPageTest -->
